<?xml version="1.0" encoding="utf-8"?><testsuites name="pytest tests"><testsuite name="pytest" errors="0" failures="0" skipped="0" tests="77" time="13.041" timestamp="2026-08-29T05:24:46.053136+00:00" hostname="agent-env-ddcceba6-ca05-4917-8452-337a2b89b29d"><testcase classname="tests.backend_test.TestAuth" name="test_login_page_loads" time="0.158" /><testcase classname="tests.backend_test.TestAuth" name="test_login_invalid" time="0.157" /><testcase classname="tests.backend_test.TestAuth" name="test_login_valid_redirects" time="0.203" /><testcase classname="tests.backend_test.TestAuth" name="test_protected_page_requires_login" time="0.116" /><testcase classname="tests.backend_test.TestAuth" name="test_ajax_requires_login" time="0.118" /><testcase classname="tests.backend_test.TestAuth" name="test_logout" time="0.408" /><testcase classname="tests.backend_test.TestPages" name="test_page_renders[dashboard]" time="0.204" /><testcase classname="tests.backend_test.TestPages" name="test_page_renders[customers]" time="0.043" /><testcase classname="tests.backend_test.TestPages" name="test_page_renders[suppliers]" time="0.043" /><testcase classname="tests.backend_test.TestPages" name="test_page_renders[parts]" time="0.050" /><testcase classname="tests.backend_test.TestPages" name="test_page_renders[stock]" time="0.043" /><testcase classname="tests.backend_test.TestPages" name="test_page_renders[pos]" time="0.043" /><testcase classname="tests.backend_test.TestPages" name="test_page_renders[transactions]" time="0.048" /><testcase classname="tests.backend_test.TestPages" name="test_page_renders[warranty]" time="0.042" /><testcase classname="tests.backend_test.TestPages" name="test_page_renders[users]" time="0.061" /><testcase classname="tests.backend_test.TestPages" name="test_dashboard_stat_cards" time="0.043" /><testcase classname="tests.backend_test.TestPages" name="test_unknown_page_falls_back" time="0.044" /><testcase classname="tests.backend_test.TestMasterData" name="test_customer_and_vehicle_persisted" time="0.329" /><testcase classname="tests.backend_test.TestMasterData" name="test_customer_update" time="0.090" /><testcase classname="tests.backend_test.TestMasterData" name="test_create_part" time="0.151" /><testcase classname="tests.backend_test.TestMasterData" name="test_create_supplier" time="0.131" /><testcase classname="tests.backend_test.TestImportParts" name="test_import_rows" time="0.090" /><testcase classname="tests.backend_test.TestImportParts" name="test_import_upsert_updates_existing" time="0.096" /><testcase classname="tests.backend_test.TestImportParts" name="test_import_empty_payload" time="0.042" /><testcase classname="tests.backend_test.TestStock" name="test_stock_in_increases" time="0.190" /><testcase classname="tests.backend_test.TestStock" name="test_stock_out_decreases" time="0.186" /><testcase classname="tests.backend_test.TestStock" name="test_stock_out_insufficient_rejected" time="0.177" /><testcase classname="tests.backend_test.TestPOS" name="test_create_transaction_reduces_stock" time="0.230" /><testcase classname="tests.backend_test.TestPOS" name="test_transaction_without_items_rejected" time="0.086" /><testcase classname="tests.backend_test.TestPOS" name="test_transaction_insufficient_stock_rejected" time="0.176" /><testcase classname="tests.backend_test.TestWarranty" name="test_search_trx_ajax" time="0.264" /><testcase classname="tests.backend_test.TestWarranty" name="test_claim_flow_approve_reduces_replacement_stock" time="0.485" /><testcase classname="tests.backend_test.TestWarranty" name="test_claim_requires_reason" time="0.242" /><testcase classname="tests.backend_test.TestWarranty" name="test_claim_approve_without_stock_fails_gracefully" time="0.411" /><testcase classname="tests.backend_test.TestWarranty" name="test_warranty_filter_status" time="0.043" /><testcase classname="tests.backend_test.TestUsers" name="test_create_kasir_and_role_menu" time="0.554" /><testcase classname="tests.backend_test.TestUsers" name="test_duplicate_username_rejected" time="0.302" /><testcase classname="tests.backend_test.TestUsers" name="test_new_user_requires_password" time="0.083" /><testcase classname="tests.test_edge_cases.TestEdgeCases" name="test_stock_in_invalid_part" time="0.293" /><testcase classname="tests.test_edge_cases.TestEdgeCases" name="test_stock_out_invalid_part" time="0.302" /><testcase classname="tests.test_edge_cases.TestEdgeCases" name="test_pos_invalid_customer" time="0.272" /><testcase classname="tests.test_edge_cases.TestEdgeCases" name="test_receipt_invalid_id" time="0.283" /><testcase classname="tests.test_edge_cases.TestEdgeCases" name="test_warranty_print_invalid_id" time="0.331" /><testcase classname="tests.test_edge_cases.TestEdgeCases" name="test_warranty_claim_invalid_item" time="0.309" /><testcase classname="tests.test_edge_cases.TestEdgeCases" name="test_lookup_unknown_action" time="0.274" /><testcase classname="tests.test_edge_cases.TestEdgeCases" name="test_import_malformed_json" time="0.249" /><testcase classname="tests.test_iter2_features.TestCategories" name="test_page_loads_and_nav" time="0.212" /><testcase classname="tests.test_iter2_features.TestCategories" name="test_create_edit_duplicate_delete" time="0.551" /><testcase classname="tests.test_iter2_features.TestCategories" name="test_part_count_column" time="0.283" /><testcase classname="tests.test_iter2_features.TestPartsCategoryDropdown" name="test_dropdown_contains_master_categories" time="0.056" /><testcase classname="tests.test_iter2_features.TestPartsCategoryDropdown" name="test_edit_part_preselects_category" time="0.190" /><testcase classname="tests.test_iter2_features.TestPartsCategoryDropdown" name="test_import_auto_registers_category" time="0.104" /><testcase classname="tests.test_iter2_features.TestReports" name="test_daily_report" time="0.050" /><testcase classname="tests.test_iter2_features.TestReports" name="test_monthly_report_totals" time="0.050" /><testcase classname="tests.test_iter2_features.TestReports" name="test_yearly_and_custom_report" time="0.102" /><testcase classname="tests.test_iter2_features.TestReports" name="test_filter_inputs_present" time="0.051" /><testcase classname="tests.test_iter2_features.TestReports" name="test_weekly_report" time="0.050" /><testcase classname="tests.test_iter2_features.TestExport" name="test_transactions_xls" time="0.051" /><testcase classname="tests.test_iter2_features.TestExport" name="test_transactions_doc" time="0.053" /><testcase classname="tests.test_iter2_features.TestExport" name="test_transactions_pdf_printview" time="0.052" /><testcase classname="tests.test_iter2_features.TestExport" name="test_parts_exports" time="0.153" /><testcase classname="tests.test_iter2_features.TestExport" name="test_export_respects_filter" time="0.048" /><testcase classname="tests.test_iter2_features.TestExport" name="test_export_requires_login" time="0.140" /><testcase classname="tests.test_iter2_features.TestRegression" name="test_dashboard_and_pos_pages" time="0.283" /><testcase classname="tests.test_iter2_features.TestRegression" name="test_create_transaction" time="0.255" /><testcase classname="tests.test_iter3_settings_time.TestWaktuCetakan" name="test_receipt_tanggal_is_utc_plus_7" time="0.205" /><testcase classname="tests.test_iter3_settings_time.TestWaktuCetakan" name="test_receipt_has_waktu_cetak_realtime_script" time="0.045" /><testcase classname="tests.test_iter3_settings_time.TestWaktuCetakan" name="test_warranty_print_tanggal_wib" time="0.043" /><testcase classname="tests.test_iter3_settings_time.TestWaktuCetakan" name="test_export_transactions_uses_lokal_and_shop_name[pdf]" time="0.044" /><testcase classname="tests.test_iter3_settings_time.TestWaktuCetakan" name="test_export_transactions_uses_lokal_and_shop_name[xls]" time="0.044" /><testcase classname="tests.test_iter3_settings_time.TestPengaturan" name="test_admin_can_open_settings" time="0.044" /><testcase classname="tests.test_iter3_settings_time.TestPengaturan" name="test_save_settings_persists_and_propagates" time="0.304" /><testcase classname="tests.test_iter3_settings_time.TestPengaturan" name="test_theme_hue_clamped" time="0.065" /><testcase classname="tests.test_iter3_settings_time.TestPengaturan" name="test_kasir_cannot_access_settings" time="0.391" /><testcase classname="tests.test_iter3_settings_time.TestPengaturan" name="test_restore_settings" time="0.066" /><testcase classname="tests.test_iter3_settings_time.TestRegresi" name="test_dashboard_and_key_pages" time="0.359" /><testcase classname="tests.test_iter3_settings_time.TestRegresi" name="test_create_transaction_and_receipt_time" time="0.103" /></testsuite></testsuites>