<?xml version="1.0" encoding="utf-8"?><testsuites name="pytest tests"><testsuite name="pytest" errors="0" failures="0" skipped="0" tests="38" time="5.779" timestamp="2026-08-29T04:03:34.261092+00:00" hostname="agent-env-ddcceba6-ca05-4917-8452-337a2b89b29d"><testcase classname="tests.backend_test.TestAuth" name="test_login_page_loads" time="0.363" /><testcase classname="tests.backend_test.TestPages" name="test_page_renders[dashboard]" time="0.410" /><testcase classname="tests.backend_test.TestAuth" name="test_login_invalid" time="0.178" /><testcase classname="tests.backend_test.TestPages" name="test_page_renders[customers]" time="0.051" /><testcase classname="tests.backend_test.TestPages" name="test_page_renders[suppliers]" time="0.080" /><testcase classname="tests.backend_test.TestAuth" name="test_login_valid_redirects" time="0.231" /><testcase classname="tests.backend_test.TestPages" name="test_page_renders[parts]" time="0.053" /><testcase classname="tests.backend_test.TestPages" name="test_page_renders[stock]" time="0.050" /><testcase classname="tests.backend_test.TestPages" name="test_page_renders[pos]" time="0.074" /><testcase classname="tests.backend_test.TestPages" name="test_page_renders[transactions]" time="0.065" /><testcase classname="tests.backend_test.TestAuth" name="test_protected_page_requires_login" time="0.131" /><testcase classname="tests.backend_test.TestPages" name="test_page_renders[warranty]" time="0.049" /><testcase classname="tests.backend_test.TestPages" name="test_page_renders[users]" time="0.059" /><testcase classname="tests.backend_test.TestPages" name="test_dashboard_stat_cards" time="0.048" /><testcase classname="tests.backend_test.TestAuth" name="test_ajax_requires_login" time="0.112" /><testcase classname="tests.backend_test.TestPages" name="test_unknown_page_falls_back" time="0.050" /><testcase classname="tests.backend_test.TestAuth" name="test_logout" time="0.289" /><testcase classname="tests.backend_test.TestWarranty" name="test_search_trx_ajax" time="0.658" /><testcase classname="tests.backend_test.TestWarranty" name="test_claim_flow_approve_reduces_replacement_stock" time="0.563" /><testcase classname="tests.backend_test.TestMasterData" name="test_customer_and_vehicle_persisted" time="0.557" /><testcase classname="tests.backend_test.TestMasterData" name="test_customer_update" time="0.116" /><testcase classname="tests.backend_test.TestMasterData" name="test_create_part" time="0.172" /><testcase classname="tests.backend_test.TestWarranty" name="test_claim_requires_reason" time="0.265" /><testcase classname="tests.backend_test.TestMasterData" name="test_create_supplier" time="0.188" /><testcase classname="tests.backend_test.TestImportParts" name="test_import_rows" time="0.114" /><testcase classname="tests.backend_test.TestImportParts" name="test_import_upsert_updates_existing" time="0.117" /><testcase classname="tests.backend_test.TestWarranty" name="test_claim_approve_without_stock_fails_gracefully" time="1.016" /><testcase classname="tests.backend_test.TestImportParts" name="test_import_empty_payload" time="0.054" /><testcase classname="tests.backend_test.TestStock" name="test_stock_in_increases" time="0.218" /><testcase classname="tests.backend_test.TestStock" name="test_stock_out_decreases" time="0.221" /><testcase classname="tests.backend_test.TestStock" name="test_stock_out_insufficient_rejected" time="0.214" /><testcase classname="tests.backend_test.TestUsers" name="test_create_kasir_and_role_menu" time="0.487" /><testcase classname="tests.backend_test.TestWarranty" name="test_warranty_filter_status" time="0.051" /><testcase classname="tests.backend_test.TestPOS" name="test_create_transaction_reduces_stock" time="1.249" /><testcase classname="tests.backend_test.TestUsers" name="test_duplicate_username_rejected" time="0.339" /><testcase classname="tests.backend_test.TestUsers" name="test_new_user_requires_password" time="0.104" /><testcase classname="tests.backend_test.TestPOS" name="test_transaction_without_items_rejected" time="0.097" /><testcase classname="tests.backend_test.TestPOS" name="test_transaction_insufficient_stock_rejected" time="0.204" /></testsuite></testsuites>