<?xml version="1.0" encoding="utf-8"?><testsuites name="pytest tests"><testsuite name="pytest" errors="0" failures="0" skipped="0" tests="157" time="24.808" timestamp="2026-08-29T06:20:49.366460+00:00" hostname="agent-env-ddcceba6-ca05-4917-8452-337a2b89b29d"><testcase classname="tests.backend_test.TestAuth" name="test_login_page_loads" time="0.151" /><testcase classname="tests.backend_test.TestAuth" name="test_login_invalid" time="0.164" /><testcase classname="tests.backend_test.TestAuth" name="test_login_valid_redirects" time="0.208" /><testcase classname="tests.backend_test.TestAuth" name="test_protected_page_requires_login" time="0.102" /><testcase classname="tests.backend_test.TestAuth" name="test_ajax_requires_login" time="0.114" /><testcase classname="tests.backend_test.TestAuth" name="test_logout" time="0.282" /><testcase classname="tests.backend_test.TestPages" name="test_page_renders[dashboard]" time="0.196" /><testcase classname="tests.backend_test.TestPages" name="test_page_renders[customers]" time="0.045" /><testcase classname="tests.backend_test.TestPages" name="test_page_renders[suppliers]" time="0.043" /><testcase classname="tests.backend_test.TestPages" name="test_page_renders[parts]" time="0.043" /><testcase classname="tests.backend_test.TestPages" name="test_page_renders[stock]" time="0.044" /><testcase classname="tests.backend_test.TestPages" name="test_page_renders[pos]" time="0.045" /><testcase classname="tests.backend_test.TestPages" name="test_page_renders[transactions]" time="0.042" /><testcase classname="tests.backend_test.TestPages" name="test_page_renders[warranty]" time="0.044" /><testcase classname="tests.backend_test.TestPages" name="test_page_renders[users]" time="0.043" /><testcase classname="tests.backend_test.TestPages" name="test_dashboard_stat_cards" time="0.043" /><testcase classname="tests.backend_test.TestPages" name="test_unknown_page_falls_back" time="0.043" /><testcase classname="tests.backend_test.TestMasterData" name="test_customer_and_vehicle_persisted" time="0.321" /><testcase classname="tests.backend_test.TestMasterData" name="test_customer_update" time="0.090" /><testcase classname="tests.backend_test.TestMasterData" name="test_create_part" time="0.135" /><testcase classname="tests.backend_test.TestMasterData" name="test_create_supplier" time="0.132" /><testcase classname="tests.backend_test.TestImportParts" name="test_import_rows" time="0.092" /><testcase classname="tests.backend_test.TestImportParts" name="test_import_upsert_updates_existing" time="0.094" /><testcase classname="tests.backend_test.TestImportParts" name="test_import_empty_payload" time="0.042" /><testcase classname="tests.backend_test.TestStock" name="test_stock_in_increases" time="0.182" /><testcase classname="tests.backend_test.TestStock" name="test_stock_out_decreases" time="0.183" /><testcase classname="tests.backend_test.TestStock" name="test_stock_out_insufficient_rejected" time="0.176" /><testcase classname="tests.backend_test.TestPOS" name="test_create_transaction_reduces_stock" time="0.257" /><testcase classname="tests.backend_test.TestPOS" name="test_transaction_without_items_rejected" time="0.085" /><testcase classname="tests.backend_test.TestPOS" name="test_transaction_insufficient_stock_rejected" time="0.184" /><testcase classname="tests.backend_test.TestWarranty" name="test_search_trx_ajax" time="0.264" /><testcase classname="tests.backend_test.TestWarranty" name="test_claim_flow_approve_reduces_replacement_stock" time="0.488" /><testcase classname="tests.backend_test.TestWarranty" name="test_claim_requires_reason" time="0.231" /><testcase classname="tests.backend_test.TestWarranty" name="test_claim_approve_without_stock_fails_gracefully" time="0.406" /><testcase classname="tests.backend_test.TestWarranty" name="test_warranty_filter_status" time="0.042" /><testcase classname="tests.backend_test.TestUsers" name="test_create_kasir_and_role_menu" time="0.455" /><testcase classname="tests.backend_test.TestUsers" name="test_duplicate_username_rejected" time="0.291" /><testcase classname="tests.backend_test.TestUsers" name="test_new_user_requires_password" time="0.094" /><testcase classname="tests.test_edge_cases.TestEdgeCases" name="test_stock_in_invalid_part" time="0.277" /><testcase classname="tests.test_edge_cases.TestEdgeCases" name="test_stock_out_invalid_part" time="0.440" /><testcase classname="tests.test_edge_cases.TestEdgeCases" name="test_pos_invalid_customer" time="0.282" /><testcase classname="tests.test_edge_cases.TestEdgeCases" name="test_receipt_invalid_id" time="0.276" /><testcase classname="tests.test_edge_cases.TestEdgeCases" name="test_warranty_print_invalid_id" time="0.249" /><testcase classname="tests.test_edge_cases.TestEdgeCases" name="test_warranty_claim_invalid_item" time="0.280" /><testcase classname="tests.test_edge_cases.TestEdgeCases" name="test_lookup_unknown_action" time="0.235" /><testcase classname="tests.test_edge_cases.TestEdgeCases" name="test_import_malformed_json" time="0.252" /><testcase classname="tests.test_iter2_features.TestCategories" name="test_page_loads_and_nav" time="0.194" /><testcase classname="tests.test_iter2_features.TestCategories" name="test_create_edit_duplicate_delete" time="0.489" /><testcase classname="tests.test_iter2_features.TestCategories" name="test_part_count_column" time="0.229" /><testcase classname="tests.test_iter2_features.TestPartsCategoryDropdown" name="test_dropdown_contains_master_categories" time="0.048" /><testcase classname="tests.test_iter2_features.TestPartsCategoryDropdown" name="test_edit_part_preselects_category" time="0.139" /><testcase classname="tests.test_iter2_features.TestPartsCategoryDropdown" name="test_import_auto_registers_category" time="0.091" /><testcase classname="tests.test_iter2_features.TestReports" name="test_daily_report" time="0.045" /><testcase classname="tests.test_iter2_features.TestReports" name="test_monthly_report_totals" time="0.045" /><testcase classname="tests.test_iter2_features.TestReports" name="test_yearly_and_custom_report" time="0.093" /><testcase classname="tests.test_iter2_features.TestReports" name="test_filter_inputs_present" time="0.045" /><testcase classname="tests.test_iter2_features.TestReports" name="test_weekly_report" time="0.042" /><testcase classname="tests.test_iter2_features.TestExport" name="test_transactions_xls" time="0.043" /><testcase classname="tests.test_iter2_features.TestExport" name="test_transactions_doc" time="0.043" /><testcase classname="tests.test_iter2_features.TestExport" name="test_transactions_pdf_printview" time="0.047" /><testcase classname="tests.test_iter2_features.TestExport" name="test_parts_exports" time="0.128" /><testcase classname="tests.test_iter2_features.TestExport" name="test_export_respects_filter" time="0.043" /><testcase classname="tests.test_iter2_features.TestExport" name="test_export_requires_login" time="0.123" /><testcase classname="tests.test_iter2_features.TestRegression" name="test_dashboard_and_pos_pages" time="0.218" /><testcase classname="tests.test_iter2_features.TestRegression" name="test_create_transaction" time="0.225" /><testcase classname="tests.test_iter3_settings_time.TestWaktuCetakan" name="test_receipt_tanggal_is_utc_plus_7" time="0.245" /><testcase classname="tests.test_iter3_settings_time.TestWaktuCetakan" name="test_receipt_has_waktu_cetak_realtime_script" time="0.044" /><testcase classname="tests.test_iter3_settings_time.TestWaktuCetakan" name="test_warranty_print_tanggal_wib" time="0.044" /><testcase classname="tests.test_iter3_settings_time.TestWaktuCetakan" name="test_export_transactions_uses_lokal_and_shop_name[pdf]" time="0.044" /><testcase classname="tests.test_iter3_settings_time.TestWaktuCetakan" name="test_export_transactions_uses_lokal_and_shop_name[xls]" time="0.043" /><testcase classname="tests.test_iter3_settings_time.TestPengaturan" name="test_admin_can_open_settings" time="0.042" /><testcase classname="tests.test_iter3_settings_time.TestPengaturan" name="test_save_settings_persists_and_propagates" time="0.285" /><testcase classname="tests.test_iter3_settings_time.TestPengaturan" name="test_theme_hue_clamped" time="0.062" /><testcase classname="tests.test_iter3_settings_time.TestPengaturan" name="test_kasir_cannot_access_settings" time="0.381" /><testcase classname="tests.test_iter3_settings_time.TestPengaturan" name="test_restore_settings" time="0.069" /><testcase classname="tests.test_iter3_settings_time.TestRegresi" name="test_dashboard_and_key_pages" time="0.345" /><testcase classname="tests.test_iter3_settings_time.TestRegresi" name="test_create_transaction_and_receipt_time" time="0.106" /><testcase classname="tests.test_iter4_features.TestStockExport" name="test_xls_rows_match_sqlite[semua]" time="0.199" /><testcase classname="tests.test_iter4_features.TestStockExport" name="test_xls_rows_match_sqlite[masuk]" time="0.044" /><testcase classname="tests.test_iter4_features.TestStockExport" name="test_xls_rows_match_sqlite[keluar]" time="0.043" /><testcase classname="tests.test_iter4_features.TestStockExport" name="test_xls_rows_match_sqlite[penjualan]" time="0.045" /><testcase classname="tests.test_iter4_features.TestStockExport" name="test_xls_rows_match_sqlite[garansi]" time="0.043" /><testcase classname="tests.test_iter4_features.TestStockExport" name="test_doc_format" time="0.042" /><testcase classname="tests.test_iter4_features.TestStockExport" name="test_pdf_print_view" time="0.043" /><testcase classname="tests.test_iter4_features.TestStockExport" name="test_reversed_date_range_swapped" time="0.044" /><testcase classname="tests.test_iter4_features.TestStockExport" name="test_narrow_range_filters" time="0.043" /><testcase classname="tests.test_iter4_features.TestStockExport" name="test_invalid_jenis_falls_back" time="0.044" /><testcase classname="tests.test_iter4_features.TestStockExport" name="test_export_requires_login" time="0.137" /><testcase classname="tests.test_iter4_features.TestDiskonPOS" name="test_diskon_persen" time="0.117" /><testcase classname="tests.test_iter4_features.TestDiskonPOS" name="test_diskon_nominal" time="0.092" /><testcase classname="tests.test_iter4_features.TestDiskonPOS" name="test_diskon_nominal_capped_at_subtotal" time="0.048" /><testcase classname="tests.test_iter4_features.TestDiskonPOS" name="test_diskon_persen_over_100_capped" time="0.050" /><testcase classname="tests.test_iter4_features.TestDiskonPOS" name="test_diskon_negatif_diabaikan" time="0.051" /><testcase classname="tests.test_iter4_features.TestDiskonPOS" name="test_tanpa_diskon" time="0.099" /><testcase classname="tests.test_iter4_features.TestDiskonPOS" name="test_dashboard_pendapatan_pakai_net" time="0.045" /><testcase classname="tests.test_iter4_features.TestEditHapusTransaksi" name="test_edit_prefill_form" time="0.089" /><testcase classname="tests.test_iter4_features.TestEditHapusTransaksi" name="test_edit_updates_stock_and_totals" time="0.100" /><testcase classname="tests.test_iter4_features.TestEditHapusTransaksi" name="test_edit_over_stock_rejected" time="0.134" /><testcase classname="tests.test_iter4_features.TestEditHapusTransaksi" name="test_delete_restores_stock" time="0.138" /><testcase classname="tests.test_iter4_features.TestEditHapusTransaksi" name="test_delete_and_edit_blocked_when_warranty_claim" time="0.225" /><testcase classname="tests.test_iter4_features.TestEditHapusTransaksi" name="test_edit_nonexistent_transaction" time="0.047" /><testcase classname="tests.test_iter4_features.TestEditHapusTransaksi" name="test_transactions_list_has_action_buttons" time="0.187" /><testcase classname="tests.test_iter5_features.TestCharts" name="test_nav_link_present" time="0.201" /><testcase classname="tests.test_iter5_features.TestCharts" name="test_bulanan_matches_sqlite" time="0.046" /><testcase classname="tests.test_iter5_features.TestCharts" name="test_charts_canvas_and_chartjs" time="0.045" /><testcase classname="tests.test_iter5_features.TestCharts" name="test_tahunan" time="0.046" /><testcase classname="tests.test_iter5_features.TestCharts" name="test_custom_range" time="0.046" /><testcase classname="tests.test_iter5_features.TestCharts" name="test_custom_reversed_range_swaps" time="0.045" /><testcase classname="tests.test_iter5_features.TestCharts" name="test_empty_period_shows_message" time="0.066" /><testcase classname="tests.test_iter5_features.TestCharts" name="test_invalid_params_no_error" time="0.089" /><testcase classname="tests.test_iter5_features.TestCharts" name="test_kasir_can_access_charts" time="0.287" /><testcase classname="tests.test_iter5_features.TestLogo" name="test_upload_valid_png" time="0.141" /><testcase classname="tests.test_iter5_features.TestLogo" name="test_logo_shown_in_sidebar_login_receipt_warranty" time="0.424" /><testcase classname="tests.test_iter5_features.TestLogo" name="test_replace_logo_deletes_old_file" time="1.295" /><testcase classname="tests.test_iter5_features.TestLogo" name="test_reject_non_image" time="0.095" /><testcase classname="tests.test_iter5_features.TestLogo" name="test_reject_oversize" time="0.207" /><testcase classname="tests.test_iter5_features.TestLogo" name="test_remove_logo_falls_back_to_gear" time="0.288" /><testcase classname="tests.test_iter5_features.TestLogo" name="test_kasir_cannot_upload_logo" time="0.098" /><testcase classname="tests.test_iter5_features.TestLogo" name="test_zz_restore_logo" time="1.290" /><testcase classname="tests.test_iter5_features.TestNotes" name="test_notes_table_schema" time="0.001" /><testcase classname="tests.test_iter5_features.TestNotes" name="test_add_note_each_color[kuning-#fff3bf]" time="0.089" /><testcase classname="tests.test_iter5_features.TestNotes" name="test_add_note_each_color[hijau-#d3f9d8]" time="0.089" /><testcase classname="tests.test_iter5_features.TestNotes" name="test_add_note_each_color[biru-#dbe4ff]" time="0.092" /><testcase classname="tests.test_iter5_features.TestNotes" name="test_add_note_each_color[pink-#ffdeeb]" time="0.093" /><testcase classname="tests.test_iter5_features.TestNotes" name="test_add_note_each_color[putih-#ffffff]" time="0.096" /><testcase classname="tests.test_iter5_features.TestNotes" name="test_add_empty_rejected" time="0.086" /><testcase classname="tests.test_iter5_features.TestNotes" name="test_invalid_color_defaults_kuning" time="0.095" /><testcase classname="tests.test_iter5_features.TestNotes" name="test_edit_note_updates_content_color_and_timestamp" time="1.384" /><testcase classname="tests.test_iter5_features.TestNotes" name="test_edit_empty_is_ignored" time="0.181" /><testcase classname="tests.test_iter5_features.TestNotes" name="test_xss_escaped" time="0.093" /><testcase classname="tests.test_iter5_features.TestNotes" name="test_delete_note" time="0.190" /><testcase classname="tests.test_iter5_features.TestNotes" name="test_kasir_can_use_notes" time="0.102" /><testcase classname="tests.test_iter5_features.TestNotes" name="test_notes_requires_login" time="0.163" /><testcase classname="tests.test_iter5_features.TestRegression" name="test_pages_load[dashboard]" time="0.044" /><testcase classname="tests.test_iter5_features.TestRegression" name="test_pages_load[customers]" time="0.044" /><testcase classname="tests.test_iter5_features.TestRegression" name="test_pages_load[parts]" time="0.048" /><testcase classname="tests.test_iter5_features.TestRegression" name="test_pages_load[pos]" time="0.043" /><testcase classname="tests.test_iter5_features.TestRegression" name="test_pages_load[transactions]" time="0.050" /><testcase classname="tests.test_iter5_features.TestRegression" name="test_pages_load[reports]" time="0.045" /><testcase classname="tests.test_iter5_features.TestRegression" name="test_pages_load[stock]" time="0.045" /><testcase classname="tests.test_iter5_features.TestRegression" name="test_pages_load[warranty]" time="0.044" /><testcase classname="tests.test_iter5_features.TestRegression" name="test_pages_load[users]" time="0.044" /><testcase classname="tests.test_iter5_features.TestRegression" name="test_pages_load[settings]" time="0.043" /><testcase classname="tests.test_iter5_features.TestRegression" name="test_pages_load[charts]" time="0.043" /><testcase classname="tests.test_iter5_features.TestRegression" name="test_pages_load[notes]" time="0.044" /><testcase classname="tests.test_iter5_features.TestRegression" name="test_settings_identity_and_theme_save" time="0.187" /><testcase classname="tests.test_iter5_features.TestRegression" name="test_pos_create_transaction" time="0.073" /><testcase classname="tests.test_iter6_bugfix_verification.TestNoNotaCritical" name="test_three_consecutive_checkouts" time="0.324" /><testcase classname="tests.test_iter6_bugfix_verification.TestNoNotaCritical" name="test_checkout_after_delete_no_unique_error" time="0.249" /><testcase classname="tests.test_iter6_bugfix_verification.TestNoNotaCritical" name="test_all_nota_unique_in_db" time="0.001" /><testcase classname="tests.test_iter6_bugfix_verification.TestWarrantyKode" name="test_create_claim_generates_unique_grs" time="0.102" /><testcase classname="tests.test_iter6_bugfix_verification.TestPRG" name="test_notes_add_is_302_and_no_duplicate_on_refresh" time="0.191" /><testcase classname="tests.test_iter6_bugfix_verification.TestPRG" name="test_settings_save_is_302_always" time="0.149" /><testcase classname="tests.test_iter6_bugfix_verification.TestPRG" name="test_customer_supplier_part_stock_posts_are_302" time="0.262" /><testcase classname="tests.test_iter6_bugfix_verification.TestLogoUpload" name="test_oversize_rejected_with_message_and_logo_unchanged" time="0.260" /><testcase classname="tests.test_iter6_bugfix_verification.TestLogoUpload" name="test_valid_upload_uses_random_hex_name_and_deletes_old" time="0.148" /><testcase classname="tests.test_iter6_bugfix_verification.TestLogoUpload" name="test_two_uploads_produce_different_names" time="0.289" /></testsuite></testsuites>