<?xml version="1.0" encoding="utf-8"?><testsuites name="pytest tests"><testsuite name="pytest" errors="0" failures="25" skipped="0" tests="147" time="21.701" timestamp="2026-08-29T06:13:05.393826+00:00" hostname="agent-env-ddcceba6-ca05-4917-8452-337a2b89b29d"><testcase classname="tests.backend_test.TestAuth" name="test_login_page_loads" time="0.201" /><testcase classname="tests.backend_test.TestAuth" name="test_login_invalid" time="0.164" /><testcase classname="tests.backend_test.TestAuth" name="test_login_valid_redirects" time="0.215" /><testcase classname="tests.backend_test.TestAuth" name="test_protected_page_requires_login" time="0.133" /><testcase classname="tests.backend_test.TestAuth" name="test_ajax_requires_login" time="0.115" /><testcase classname="tests.backend_test.TestAuth" name="test_logout" time="0.348" /><testcase classname="tests.backend_test.TestPages" name="test_page_renders[dashboard]" time="0.203" /><testcase classname="tests.backend_test.TestPages" name="test_page_renders[customers]" time="0.043" /><testcase classname="tests.backend_test.TestPages" name="test_page_renders[suppliers]" time="0.044" /><testcase classname="tests.backend_test.TestPages" name="test_page_renders[parts]" time="0.060" /><testcase classname="tests.backend_test.TestPages" name="test_page_renders[stock]" time="0.045" /><testcase classname="tests.backend_test.TestPages" name="test_page_renders[pos]" time="0.044" /><testcase classname="tests.backend_test.TestPages" name="test_page_renders[transactions]" time="0.042" /><testcase classname="tests.backend_test.TestPages" name="test_page_renders[warranty]" time="0.044" /><testcase classname="tests.backend_test.TestPages" name="test_page_renders[users]" time="0.042" /><testcase classname="tests.backend_test.TestPages" name="test_dashboard_stat_cards" time="0.042" /><testcase classname="tests.backend_test.TestPages" name="test_unknown_page_falls_back" time="0.043" /><testcase classname="tests.backend_test.TestMasterData" name="test_customer_and_vehicle_persisted" time="0.320" /><testcase classname="tests.backend_test.TestMasterData" name="test_customer_update" time="0.090" /><testcase classname="tests.backend_test.TestMasterData" name="test_create_part" time="0.137" /><testcase classname="tests.backend_test.TestMasterData" name="test_create_supplier" time="0.132" /><testcase classname="tests.backend_test.TestImportParts" name="test_import_rows" time="0.090" /><testcase classname="tests.backend_test.TestImportParts" name="test_import_upsert_updates_existing" time="0.098" /><testcase classname="tests.backend_test.TestImportParts" name="test_import_empty_payload" time="0.042" /><testcase classname="tests.backend_test.TestStock" name="test_stock_in_increases" time="0.182" /><testcase classname="tests.backend_test.TestStock" name="test_stock_out_decreases" time="0.176" /><testcase classname="tests.backend_test.TestStock" name="test_stock_out_insufficient_rejected" time="0.174" /><testcase classname="tests.backend_test.TestPOS" name="test_create_transaction_reduces_stock" time="0.135"><failure message="AssertionError: index.php?page=pos&#10;assert 'page=receipt' in 'index.php?page=pos'">E   AssertionError: index.php?page=pos
    assert 'page=receipt' in 'index.php?page=pos'</failure></testcase><testcase classname="tests.backend_test.TestPOS" name="test_transaction_without_items_rejected" time="0.041"><failure message="assert 'Pilih pelanggan dan tambahkan minimal 1 item' in '&lt;!DOCTYPE html&gt;\n&lt;html lang=&quot;id&quot;&gt;\n&lt;head&gt;\n&lt;meta charset=&quot;UTF-8&quot;&gt;\n&lt;meta name=&quot;viewport&quot; content=&quot;width=device-width,...dystatechange=function(b){e(b);\'loading\'!==document.readyState&amp;&amp;(document.onreadystatechange=e,c())}}}})();&lt;/script&gt;'&#10; +  where '&lt;!DOCTYPE html&gt;\n&lt;html lang=&quot;id&quot;&gt;\n&lt;head&gt;\n&lt;meta charset=&quot;UTF-8&quot;&gt;\n&lt;meta name=&quot;viewport&quot; content=&quot;width=device-width,...dystatechange=function(b){e(b);\'loading\'!==document.readyState&amp;&amp;(document.onreadystatechange=e,c())}}}})();&lt;/script&gt;' = &lt;Response [200]&gt;.text">E   assert 'Pilih pelanggan dan tambahkan minimal 1 item' in '&lt;!DOCTYPE html&gt;\n&lt;html lang="id"&gt;\n&lt;head&gt;\n&lt;meta charset="UTF-8"&gt;\n&lt;meta name="viewport" content="width=device-width,...dystatechange=function(b){e(b);\'loading\'!==document.readyState&amp;&amp;(document.onreadystatechange=e,c())}}}})();&lt;/script&gt;'
     +  where '&lt;!DOCTYPE html&gt;\n&lt;html lang="id"&gt;\n&lt;head&gt;\n&lt;meta charset="UTF-8"&gt;\n&lt;meta name="viewport" content="width=device-width,...dystatechange=function(b){e(b);\'loading\'!==document.readyState&amp;&amp;(document.onreadystatechange=e,c())}}}})();&lt;/script&gt;' = &lt;Response [200]&gt;.text</failure></testcase><testcase classname="tests.backend_test.TestPOS" name="test_transaction_insufficient_stock_rejected" time="0.085"><failure message="assert 'tidak mencukupi' in '&lt;!DOCTYPE html&gt;\n&lt;html lang=&quot;id&quot;&gt;\n&lt;head&gt;\n&lt;meta charset=&quot;UTF-8&quot;&gt;\n&lt;meta name=&quot;viewport&quot; content=&quot;width=device-width,...dystatechange=function(b){e(b);\'loading\'!==document.readyState&amp;&amp;(document.onreadystatechange=e,c())}}}})();&lt;/script&gt;'&#10; +  where '&lt;!DOCTYPE html&gt;\n&lt;html lang=&quot;id&quot;&gt;\n&lt;head&gt;\n&lt;meta charset=&quot;UTF-8&quot;&gt;\n&lt;meta name=&quot;viewport&quot; content=&quot;width=device-width,...dystatechange=function(b){e(b);\'loading\'!==document.readyState&amp;&amp;(document.onreadystatechange=e,c())}}}})();&lt;/script&gt;' = &lt;Response [200]&gt;.text">E   assert 'tidak mencukupi' in '&lt;!DOCTYPE html&gt;\n&lt;html lang="id"&gt;\n&lt;head&gt;\n&lt;meta charset="UTF-8"&gt;\n&lt;meta name="viewport" content="width=device-width,...dystatechange=function(b){e(b);\'loading\'!==document.readyState&amp;&amp;(document.onreadystatechange=e,c())}}}})();&lt;/script&gt;'
     +  where '&lt;!DOCTYPE html&gt;\n&lt;html lang="id"&gt;\n&lt;head&gt;\n&lt;meta charset="UTF-8"&gt;\n&lt;meta name="viewport" content="width=device-width,...dystatechange=function(b){e(b);\'loading\'!==document.readyState&amp;&amp;(document.onreadystatechange=e,c())}}}})();&lt;/script&gt;' = &lt;Response [200]&gt;.text</failure></testcase><testcase classname="tests.backend_test.TestWarranty" name="test_search_trx_ajax" time="0.087"><failure message="AssertionError: POS gagal: 200 &lt;!DOCTYPE html&gt;&#10;  &lt;html lang=&quot;id&quot;&gt;&#10;  &lt;head&gt;&#10;  &lt;meta charset=&quot;UTF-8&quot;&gt;&#10;  &lt;meta name=&quot;viewport&quot; content=&quot;width=device-width, initial-scale=1&quot;&gt;&#10;  &lt;title&gt;Kasir / Transaksi Servis - 99 JAYA MOTOR&lt;/title&gt;&#10;  &lt;link href=&quot;https://cdn.jsdelivr.net/npm/bootstrap@5.3.3/dist/css/bootstrap.min.css&quot; rel=&quot;stylesheet&quot;&gt;&#10;  &lt;link hre&#10;assert 200 in (302, 303)&#10; +  where 200 = &lt;Response [200]&gt;.status_code">E   AssertionError: POS gagal: 200 &lt;!DOCTYPE html&gt;
      &lt;html lang="id"&gt;
      &lt;head&gt;
      &lt;meta charset="UTF-8"&gt;
      &lt;meta name="viewport" content="width=device-width, initial-scale=1"&gt;
      &lt;title&gt;Kasir / Transaksi Servis - 99 JAYA MOTOR&lt;/title&gt;
      &lt;link href="https://cdn.jsdelivr.net/npm/bootstrap@5.3.3/dist/css/bootstrap.min.css" rel="stylesheet"&gt;
      &lt;link hre
    assert 200 in (302, 303)
     +  where 200 = &lt;Response [200]&gt;.status_code</failure></testcase><testcase classname="tests.backend_test.TestWarranty" name="test_claim_flow_approve_reduces_replacement_stock" time="0.087"><failure message="AssertionError: POS gagal: 200 &lt;!DOCTYPE html&gt;&#10;  &lt;html lang=&quot;id&quot;&gt;&#10;  &lt;head&gt;&#10;  &lt;meta charset=&quot;UTF-8&quot;&gt;&#10;  &lt;meta name=&quot;viewport&quot; content=&quot;width=device-width, initial-scale=1&quot;&gt;&#10;  &lt;title&gt;Kasir / Transaksi Servis - 99 JAYA MOTOR&lt;/title&gt;&#10;  &lt;link href=&quot;https://cdn.jsdelivr.net/npm/bootstrap@5.3.3/dist/css/bootstrap.min.css&quot; rel=&quot;stylesheet&quot;&gt;&#10;  &lt;link hre&#10;assert 200 in (302, 303)&#10; +  where 200 = &lt;Response [200]&gt;.status_code">E   AssertionError: POS gagal: 200 &lt;!DOCTYPE html&gt;
      &lt;html lang="id"&gt;
      &lt;head&gt;
      &lt;meta charset="UTF-8"&gt;
      &lt;meta name="viewport" content="width=device-width, initial-scale=1"&gt;
      &lt;title&gt;Kasir / Transaksi Servis - 99 JAYA MOTOR&lt;/title&gt;
      &lt;link href="https://cdn.jsdelivr.net/npm/bootstrap@5.3.3/dist/css/bootstrap.min.css" rel="stylesheet"&gt;
      &lt;link hre
    assert 200 in (302, 303)
     +  where 200 = &lt;Response [200]&gt;.status_code</failure></testcase><testcase classname="tests.backend_test.TestWarranty" name="test_claim_requires_reason" time="0.086"><failure message="AssertionError: POS gagal: 200 &lt;!DOCTYPE html&gt;&#10;  &lt;html lang=&quot;id&quot;&gt;&#10;  &lt;head&gt;&#10;  &lt;meta charset=&quot;UTF-8&quot;&gt;&#10;  &lt;meta name=&quot;viewport&quot; content=&quot;width=device-width, initial-scale=1&quot;&gt;&#10;  &lt;title&gt;Kasir / Transaksi Servis - 99 JAYA MOTOR&lt;/title&gt;&#10;  &lt;link href=&quot;https://cdn.jsdelivr.net/npm/bootstrap@5.3.3/dist/css/bootstrap.min.css&quot; rel=&quot;stylesheet&quot;&gt;&#10;  &lt;link hre&#10;assert 200 in (302, 303)&#10; +  where 200 = &lt;Response [200]&gt;.status_code">E   AssertionError: POS gagal: 200 &lt;!DOCTYPE html&gt;
      &lt;html lang="id"&gt;
      &lt;head&gt;
      &lt;meta charset="UTF-8"&gt;
      &lt;meta name="viewport" content="width=device-width, initial-scale=1"&gt;
      &lt;title&gt;Kasir / Transaksi Servis - 99 JAYA MOTOR&lt;/title&gt;
      &lt;link href="https://cdn.jsdelivr.net/npm/bootstrap@5.3.3/dist/css/bootstrap.min.css" rel="stylesheet"&gt;
      &lt;link hre
    assert 200 in (302, 303)
     +  where 200 = &lt;Response [200]&gt;.status_code</failure></testcase><testcase classname="tests.backend_test.TestWarranty" name="test_claim_approve_without_stock_fails_gracefully" time="0.086"><failure message="AssertionError: POS gagal: 200 &lt;!DOCTYPE html&gt;&#10;  &lt;html lang=&quot;id&quot;&gt;&#10;  &lt;head&gt;&#10;  &lt;meta charset=&quot;UTF-8&quot;&gt;&#10;  &lt;meta name=&quot;viewport&quot; content=&quot;width=device-width, initial-scale=1&quot;&gt;&#10;  &lt;title&gt;Kasir / Transaksi Servis - 99 JAYA MOTOR&lt;/title&gt;&#10;  &lt;link href=&quot;https://cdn.jsdelivr.net/npm/bootstrap@5.3.3/dist/css/bootstrap.min.css&quot; rel=&quot;stylesheet&quot;&gt;&#10;  &lt;link hre&#10;assert 200 in (302, 303)&#10; +  where 200 = &lt;Response [200]&gt;.status_code">E   AssertionError: POS gagal: 200 &lt;!DOCTYPE html&gt;
      &lt;html lang="id"&gt;
      &lt;head&gt;
      &lt;meta charset="UTF-8"&gt;
      &lt;meta name="viewport" content="width=device-width, initial-scale=1"&gt;
      &lt;title&gt;Kasir / Transaksi Servis - 99 JAYA MOTOR&lt;/title&gt;
      &lt;link href="https://cdn.jsdelivr.net/npm/bootstrap@5.3.3/dist/css/bootstrap.min.css" rel="stylesheet"&gt;
      &lt;link hre
    assert 200 in (302, 303)
     +  where 200 = &lt;Response [200]&gt;.status_code</failure></testcase><testcase classname="tests.backend_test.TestWarranty" name="test_warranty_filter_status" time="0.044" /><testcase classname="tests.backend_test.TestUsers" name="test_create_kasir_and_role_menu" time="0.465" /><testcase classname="tests.backend_test.TestUsers" name="test_duplicate_username_rejected" time="0.286" /><testcase classname="tests.backend_test.TestUsers" name="test_new_user_requires_password" time="0.086" /><testcase classname="tests.test_edge_cases.TestEdgeCases" name="test_stock_in_invalid_part" time="0.323" /><testcase classname="tests.test_edge_cases.TestEdgeCases" name="test_stock_out_invalid_part" time="0.389" /><testcase classname="tests.test_edge_cases.TestEdgeCases" name="test_pos_invalid_customer" time="0.304" /><testcase classname="tests.test_edge_cases.TestEdgeCases" name="test_receipt_invalid_id" time="0.270" /><testcase classname="tests.test_edge_cases.TestEdgeCases" name="test_warranty_print_invalid_id" time="0.314" /><testcase classname="tests.test_edge_cases.TestEdgeCases" name="test_warranty_claim_invalid_item" time="0.288" /><testcase classname="tests.test_edge_cases.TestEdgeCases" name="test_lookup_unknown_action" time="0.277" /><testcase classname="tests.test_edge_cases.TestEdgeCases" name="test_import_malformed_json" time="0.279" /><testcase classname="tests.test_iter2_features.TestCategories" name="test_page_loads_and_nav" time="0.202" /><testcase classname="tests.test_iter2_features.TestCategories" name="test_create_edit_duplicate_delete" time="0.499" /><testcase classname="tests.test_iter2_features.TestCategories" name="test_part_count_column" time="0.242" /><testcase classname="tests.test_iter2_features.TestPartsCategoryDropdown" name="test_dropdown_contains_master_categories" time="0.049" /><testcase classname="tests.test_iter2_features.TestPartsCategoryDropdown" name="test_edit_part_preselects_category" time="0.143" /><testcase classname="tests.test_iter2_features.TestPartsCategoryDropdown" name="test_import_auto_registers_category" time="0.091" /><testcase classname="tests.test_iter2_features.TestReports" name="test_daily_report" time="0.044" /><testcase classname="tests.test_iter2_features.TestReports" name="test_monthly_report_totals" time="0.051" /><testcase classname="tests.test_iter2_features.TestReports" name="test_yearly_and_custom_report" time="0.094" /><testcase classname="tests.test_iter2_features.TestReports" name="test_filter_inputs_present" time="0.045" /><testcase classname="tests.test_iter2_features.TestReports" name="test_weekly_report" time="0.044" /><testcase classname="tests.test_iter2_features.TestExport" name="test_transactions_xls" time="0.046" /><testcase classname="tests.test_iter2_features.TestExport" name="test_transactions_doc" time="0.050" /><testcase classname="tests.test_iter2_features.TestExport" name="test_transactions_pdf_printview" time="0.045" /><testcase classname="tests.test_iter2_features.TestExport" name="test_parts_exports" time="0.130" /><testcase classname="tests.test_iter2_features.TestExport" name="test_export_respects_filter" time="0.043" /><testcase classname="tests.test_iter2_features.TestExport" name="test_export_requires_login" time="0.094" /><testcase classname="tests.test_iter2_features.TestRegression" name="test_dashboard_and_pos_pages" time="0.221" /><testcase classname="tests.test_iter2_features.TestRegression" name="test_create_transaction" time="0.172"><failure message="assert ([])">E   assert ([])</failure></testcase><testcase classname="tests.test_iter3_settings_time.TestWaktuCetakan" name="test_receipt_tanggal_is_utc_plus_7" time="0.202" /><testcase classname="tests.test_iter3_settings_time.TestWaktuCetakan" name="test_receipt_has_waktu_cetak_realtime_script" time="0.042" /><testcase classname="tests.test_iter3_settings_time.TestWaktuCetakan" name="test_warranty_print_tanggal_wib" time="0.045" /><testcase classname="tests.test_iter3_settings_time.TestWaktuCetakan" name="test_export_transactions_uses_lokal_and_shop_name[pdf]" time="0.045" /><testcase classname="tests.test_iter3_settings_time.TestWaktuCetakan" name="test_export_transactions_uses_lokal_and_shop_name[xls]" time="0.048" /><testcase classname="tests.test_iter3_settings_time.TestPengaturan" name="test_admin_can_open_settings" time="0.046" /><testcase classname="tests.test_iter3_settings_time.TestPengaturan" name="test_save_settings_persists_and_propagates" time="0.343" /><testcase classname="tests.test_iter3_settings_time.TestPengaturan" name="test_theme_hue_clamped" time="0.065" /><testcase classname="tests.test_iter3_settings_time.TestPengaturan" name="test_kasir_cannot_access_settings" time="0.451" /><testcase classname="tests.test_iter3_settings_time.TestPengaturan" name="test_restore_settings" time="0.064"><failure message="assert 200 in (302, 303)&#10; +  where 200 = &lt;Response [200]&gt;.status_code">E   assert 200 in (302, 303)
     +  where 200 = &lt;Response [200]&gt;.status_code</failure></testcase><testcase classname="tests.test_iter3_settings_time.TestRegresi" name="test_dashboard_and_key_pages" time="0.415" /><testcase classname="tests.test_iter3_settings_time.TestRegresi" name="test_create_transaction_and_receipt_time" time="0.049"><failure message="AssertionError: expected redirect to receipt, got index.php?page=pos&#10;assert None">E   AssertionError: expected redirect to receipt, got index.php?page=pos
    assert None</failure></testcase><testcase classname="tests.test_iter4_features.TestStockExport" name="test_xls_rows_match_sqlite[semua]" time="0.203" /><testcase classname="tests.test_iter4_features.TestStockExport" name="test_xls_rows_match_sqlite[masuk]" time="0.044" /><testcase classname="tests.test_iter4_features.TestStockExport" name="test_xls_rows_match_sqlite[keluar]" time="0.043" /><testcase classname="tests.test_iter4_features.TestStockExport" name="test_xls_rows_match_sqlite[penjualan]" time="0.043" /><testcase classname="tests.test_iter4_features.TestStockExport" name="test_xls_rows_match_sqlite[garansi]" time="0.044" /><testcase classname="tests.test_iter4_features.TestStockExport" name="test_doc_format" time="0.042" /><testcase classname="tests.test_iter4_features.TestStockExport" name="test_pdf_print_view" time="0.044" /><testcase classname="tests.test_iter4_features.TestStockExport" name="test_reversed_date_range_swapped" time="0.044" /><testcase classname="tests.test_iter4_features.TestStockExport" name="test_narrow_range_filters" time="0.042" /><testcase classname="tests.test_iter4_features.TestStockExport" name="test_invalid_jenis_falls_back" time="0.046" /><testcase classname="tests.test_iter4_features.TestStockExport" name="test_export_requires_login" time="0.095" /><testcase classname="tests.test_iter4_features.TestDiskonPOS" name="test_diskon_persen" time="0.051"><failure message="AssertionError: tidak ada id transaksi pada redirect: index.php?page=pos&#10;assert None">E   AssertionError: tidak ada id transaksi pada redirect: index.php?page=pos
    assert None</failure></testcase><testcase classname="tests.test_iter4_features.TestDiskonPOS" name="test_diskon_nominal" time="0.043"><failure message="AssertionError: 200&#10;assert 200 in (302, 303)&#10; +  where 200 = &lt;Response [200]&gt;.status_code">E   AssertionError: 200
    assert 200 in (302, 303)
     +  where 200 = &lt;Response [200]&gt;.status_code</failure></testcase><testcase classname="tests.test_iter4_features.TestDiskonPOS" name="test_diskon_nominal_capped_at_subtotal" time="0.043"><failure message="AssertionError: 200&#10;assert 200 in (302, 303)&#10; +  where 200 = &lt;Response [200]&gt;.status_code">E   AssertionError: 200
    assert 200 in (302, 303)
     +  where 200 = &lt;Response [200]&gt;.status_code</failure></testcase><testcase classname="tests.test_iter4_features.TestDiskonPOS" name="test_diskon_persen_over_100_capped" time="0.042"><failure message="AssertionError: 200&#10;assert 200 in (302, 303)&#10; +  where 200 = &lt;Response [200]&gt;.status_code">E   AssertionError: 200
    assert 200 in (302, 303)
     +  where 200 = &lt;Response [200]&gt;.status_code</failure></testcase><testcase classname="tests.test_iter4_features.TestDiskonPOS" name="test_diskon_negatif_diabaikan" time="0.044"><failure message="AssertionError: 200&#10;assert 200 in (302, 303)&#10; +  where 200 = &lt;Response [200]&gt;.status_code">E   AssertionError: 200
    assert 200 in (302, 303)
     +  where 200 = &lt;Response [200]&gt;.status_code</failure></testcase><testcase classname="tests.test_iter4_features.TestDiskonPOS" name="test_tanpa_diskon" time="0.043"><failure message="AssertionError: 200&#10;assert 200 in (302, 303)&#10; +  where 200 = &lt;Response [200]&gt;.status_code">E   AssertionError: 200
    assert 200 in (302, 303)
     +  where 200 = &lt;Response [200]&gt;.status_code</failure></testcase><testcase classname="tests.test_iter4_features.TestDiskonPOS" name="test_dashboard_pendapatan_pakai_net" time="0.043" /><testcase classname="tests.test_iter4_features.TestEditHapusTransaksi" name="test_edit_prefill_form" time="0.046"><failure message="AssertionError: tidak ada id transaksi pada redirect: index.php?page=pos&#10;assert None">E   AssertionError: tidak ada id transaksi pada redirect: index.php?page=pos
    assert None</failure></testcase><testcase classname="tests.test_iter4_features.TestEditHapusTransaksi" name="test_edit_updates_stock_and_totals" time="0.044"><failure message="AssertionError: 200&#10;assert 200 in (302, 303)&#10; +  where 200 = &lt;Response [200]&gt;.status_code">E   AssertionError: 200
    assert 200 in (302, 303)
     +  where 200 = &lt;Response [200]&gt;.status_code</failure></testcase><testcase classname="tests.test_iter4_features.TestEditHapusTransaksi" name="test_edit_over_stock_rejected" time="0.041"><failure message="AssertionError: 200&#10;assert 200 in (302, 303)&#10; +  where 200 = &lt;Response [200]&gt;.status_code">E   AssertionError: 200
    assert 200 in (302, 303)
     +  where 200 = &lt;Response [200]&gt;.status_code</failure></testcase><testcase classname="tests.test_iter4_features.TestEditHapusTransaksi" name="test_delete_restores_stock" time="0.044"><failure message="AssertionError: 200&#10;assert 200 in (302, 303)&#10; +  where 200 = &lt;Response [200]&gt;.status_code">E   AssertionError: 200
    assert 200 in (302, 303)
     +  where 200 = &lt;Response [200]&gt;.status_code</failure></testcase><testcase classname="tests.test_iter4_features.TestEditHapusTransaksi" name="test_delete_and_edit_blocked_when_warranty_claim" time="0.045"><failure message="AssertionError: 200&#10;assert 200 in (302, 303)&#10; +  where 200 = &lt;Response [200]&gt;.status_code">E   AssertionError: 200
    assert 200 in (302, 303)
     +  where 200 = &lt;Response [200]&gt;.status_code</failure></testcase><testcase classname="tests.test_iter4_features.TestEditHapusTransaksi" name="test_edit_nonexistent_transaction" time="0.045"><failure message="assert 200 in (302, 303)&#10; +  where 200 = &lt;Response [200]&gt;.status_code">E   assert 200 in (302, 303)
     +  where 200 = &lt;Response [200]&gt;.status_code</failure></testcase><testcase classname="tests.test_iter4_features.TestEditHapusTransaksi" name="test_transactions_list_has_action_buttons" time="0.053"><failure message="AssertionError: 200&#10;assert 200 in (302, 303)&#10; +  where 200 = &lt;Response [200]&gt;.status_code">E   AssertionError: 200
    assert 200 in (302, 303)
     +  where 200 = &lt;Response [200]&gt;.status_code</failure></testcase><testcase classname="tests.test_iter5_features.TestCharts" name="test_nav_link_present" time="0.235" /><testcase classname="tests.test_iter5_features.TestCharts" name="test_bulanan_matches_sqlite" time="0.052" /><testcase classname="tests.test_iter5_features.TestCharts" name="test_charts_canvas_and_chartjs" time="0.052" /><testcase classname="tests.test_iter5_features.TestCharts" name="test_tahunan" time="0.052" /><testcase classname="tests.test_iter5_features.TestCharts" name="test_custom_range" time="0.052" /><testcase classname="tests.test_iter5_features.TestCharts" name="test_custom_reversed_range_swaps" time="0.049" /><testcase classname="tests.test_iter5_features.TestCharts" name="test_empty_period_shows_message" time="0.050" /><testcase classname="tests.test_iter5_features.TestCharts" name="test_invalid_params_no_error" time="0.101" /><testcase classname="tests.test_iter5_features.TestCharts" name="test_kasir_can_access_charts" time="0.407" /><testcase classname="tests.test_iter5_features.TestLogo" name="test_upload_valid_png" time="0.155" /><testcase classname="tests.test_iter5_features.TestLogo" name="test_logo_shown_in_sidebar_login_receipt_warranty" time="0.404" /><testcase classname="tests.test_iter5_features.TestLogo" name="test_replace_logo_deletes_old_file" time="1.305" /><testcase classname="tests.test_iter5_features.TestLogo" name="test_reject_non_image" time="0.100" /><testcase classname="tests.test_iter5_features.TestLogo" name="test_reject_oversize" time="0.245"><failure message="AssertionError:  Pengaturan - 99 JAYA MOTOR body { background: #f4f6f9; } .sidebar { min-height: 100vh; background: linear-gradient(165deg, hsl(210 60% 18%) 0%, hsl(232 65% 32%) 100%); } .sidebar .nav-link { color: #b8c4d0; border-radius: 8px; margin: 2px 8px; } .sidebar .nav-link:hover { color: #fff; background: rgba(255,255,255,.08); } .sidebar .nav-link.active { color: #fff; background: #0d6efd; } .stat-card {&#10;assert 'maksimal 2 MB' in &quot; Pengaturan - 99 JAYA MOTOR body { background: #f4f6f9; } .sidebar { min-height: 100vh; background: linear-gradient(1...ment.onreadystatechange=function(b){e(b);'loading'!==document.readyState&amp;&amp;(document.onreadystatechange=e,c())}}}})(); &quot;">E   AssertionError:  Pengaturan - 99 JAYA MOTOR body { background: #f4f6f9; } .sidebar { min-height: 100vh; background: linear-gradient(165deg, hsl(210 60% 18%) 0%, hsl(232 65% 32%) 100%); } .sidebar .nav-link { color: #b8c4d0; border-radius: 8px; margin: 2px 8px; } .sidebar .nav-link:hover { color: #fff; background: rgba(255,255,255,.08); } .sidebar .nav-link.active { color: #fff; background: #0d6efd; } .stat-card {
    assert 'maksimal 2 MB' in " Pengaturan - 99 JAYA MOTOR body { background: #f4f6f9; } .sidebar { min-height: 100vh; background: linear-gradient(1...ment.onreadystatechange=function(b){e(b);'loading'!==document.readyState&amp;&amp;(document.onreadystatechange=e,c())}}}})(); "</failure></testcase><testcase classname="tests.test_iter5_features.TestLogo" name="test_remove_logo_falls_back_to_gear" time="0.243" /><testcase classname="tests.test_iter5_features.TestLogo" name="test_kasir_cannot_upload_logo" time="0.185" /><testcase classname="tests.test_iter5_features.TestLogo" name="test_zz_restore_logo" time="1.307" /><testcase classname="tests.test_iter5_features.TestNotes" name="test_notes_table_schema" time="0.001" /><testcase classname="tests.test_iter5_features.TestNotes" name="test_add_note_each_color[kuning-#fff3bf]" time="0.102" /><testcase classname="tests.test_iter5_features.TestNotes" name="test_add_note_each_color[hijau-#d3f9d8]" time="0.103" /><testcase classname="tests.test_iter5_features.TestNotes" name="test_add_note_each_color[biru-#dbe4ff]" time="0.103" /><testcase classname="tests.test_iter5_features.TestNotes" name="test_add_note_each_color[pink-#ffdeeb]" time="0.104" /><testcase classname="tests.test_iter5_features.TestNotes" name="test_add_note_each_color[putih-#ffffff]" time="0.104" /><testcase classname="tests.test_iter5_features.TestNotes" name="test_add_empty_rejected" time="0.099" /><testcase classname="tests.test_iter5_features.TestNotes" name="test_invalid_color_defaults_kuning" time="0.106" /><testcase classname="tests.test_iter5_features.TestNotes" name="test_edit_note_updates_content_color_and_timestamp" time="1.435" /><testcase classname="tests.test_iter5_features.TestNotes" name="test_edit_empty_is_ignored" time="0.210" /><testcase classname="tests.test_iter5_features.TestNotes" name="test_xss_escaped" time="0.105" /><testcase classname="tests.test_iter5_features.TestNotes" name="test_delete_note" time="0.250" /><testcase classname="tests.test_iter5_features.TestNotes" name="test_kasir_can_use_notes" time="0.155" /><testcase classname="tests.test_iter5_features.TestNotes" name="test_notes_requires_login" time="0.127" /><testcase classname="tests.test_iter5_features.TestRegression" name="test_pages_load[dashboard]" time="0.049" /><testcase classname="tests.test_iter5_features.TestRegression" name="test_pages_load[customers]" time="0.054" /><testcase classname="tests.test_iter5_features.TestRegression" name="test_pages_load[parts]" time="0.063" /><testcase classname="tests.test_iter5_features.TestRegression" name="test_pages_load[pos]" time="0.049" /><testcase classname="tests.test_iter5_features.TestRegression" name="test_pages_load[transactions]" time="0.053" /><testcase classname="tests.test_iter5_features.TestRegression" name="test_pages_load[reports]" time="0.049" /><testcase classname="tests.test_iter5_features.TestRegression" name="test_pages_load[stock]" time="0.051" /><testcase classname="tests.test_iter5_features.TestRegression" name="test_pages_load[warranty]" time="0.049" /><testcase classname="tests.test_iter5_features.TestRegression" name="test_pages_load[users]" time="0.049" /><testcase classname="tests.test_iter5_features.TestRegression" name="test_pages_load[settings]" time="0.050" /><testcase classname="tests.test_iter5_features.TestRegression" name="test_pages_load[charts]" time="0.048" /><testcase classname="tests.test_iter5_features.TestRegression" name="test_pages_load[notes]" time="0.049" /><testcase classname="tests.test_iter5_features.TestRegression" name="test_settings_identity_and_theme_save" time="0.211" /><testcase classname="tests.test_iter5_features.TestRegression" name="test_pos_create_transaction" time="0.074"><failure message="AssertionError: {'Date': 'Sat, 29 Aug 2026 06:13:27 GMT', 'Content-Type': 'text/html; charset=UTF-8', 'Transfer-Encoding': 'chunked', ...IONS, HEAD, PATCH', 'Access-Control-Max-Age': '300', 'x-powered-by': 'PHP/8.2.33', 'X-Robots-Tag': 'noindex, nofollow'}&#10;assert 'page=receipt' in 'index.php?page=pos'&#10; +  where 'index.php?page=pos' = get('Location', '')&#10; +    where get = {'Date': 'Sat, 29 Aug 2026 06:13:27 GMT', 'Content-Type': 'text/html; charset=UTF-8', 'Transfer-Encoding': 'chunked', ...IONS, HEAD, PATCH', 'Access-Control-Max-Age': '300', 'x-powered-by': 'PHP/8.2.33', 'X-Robots-Tag': 'noindex, nofollow'}.get&#10; +      where {'Date': 'Sat, 29 Aug 2026 06:13:27 GMT', 'Content-Type': 'text/html; charset=UTF-8', 'Transfer-Encoding': 'chunked', ...IONS, HEAD, PATCH', 'Access-Control-Max-Age': '300', 'x-powered-by': 'PHP/8.2.33', 'X-Robots-Tag': 'noindex, nofollow'} = &lt;Response [302]&gt;.headers">E   AssertionError: {'Date': 'Sat, 29 Aug 2026 06:13:27 GMT', 'Content-Type': 'text/html; charset=UTF-8', 'Transfer-Encoding': 'chunked', ...IONS, HEAD, PATCH', 'Access-Control-Max-Age': '300', 'x-powered-by': 'PHP/8.2.33', 'X-Robots-Tag': 'noindex, nofollow'}
    assert 'page=receipt' in 'index.php?page=pos'
     +  where 'index.php?page=pos' = get('Location', '')
     +    where get = {'Date': 'Sat, 29 Aug 2026 06:13:27 GMT', 'Content-Type': 'text/html; charset=UTF-8', 'Transfer-Encoding': 'chunked', ...IONS, HEAD, PATCH', 'Access-Control-Max-Age': '300', 'x-powered-by': 'PHP/8.2.33', 'X-Robots-Tag': 'noindex, nofollow'}.get
     +      where {'Date': 'Sat, 29 Aug 2026 06:13:27 GMT', 'Content-Type': 'text/html; charset=UTF-8', 'Transfer-Encoding': 'chunked', ...IONS, HEAD, PATCH', 'Access-Control-Max-Age': '300', 'x-powered-by': 'PHP/8.2.33', 'X-Robots-Tag': 'noindex, nofollow'} = &lt;Response [302]&gt;.headers</failure></testcase></testsuite></testsuites>