<?xml version="1.0" encoding="utf-8"?><testsuites name="pytest tests"><testsuite name="pytest" errors="0" failures="0" skipped="0" tests="65" time="7.326" timestamp="2026-08-29T04:53:57.626086+00:00" hostname="agent-env-ddcceba6-ca05-4917-8452-337a2b89b29d"><testcase classname="tests.test_edge_cases.TestEdgeCases" name="test_stock_in_invalid_part" time="0.387" /><testcase classname="tests.backend_test.TestPages" name="test_page_renders[dashboard]" time="0.345" /><testcase classname="tests.backend_test.TestPages" name="test_page_renders[customers]" time="0.055" /><testcase classname="tests.test_edge_cases.TestEdgeCases" name="test_stock_out_invalid_part" time="0.283" /><testcase classname="tests.backend_test.TestPages" name="test_page_renders[suppliers]" time="0.050" /><testcase classname="tests.backend_test.TestPages" name="test_page_renders[parts]" time="0.101" /><testcase classname="tests.backend_test.TestPages" name="test_page_renders[stock]" time="0.051" /><testcase classname="tests.backend_test.TestPages" name="test_page_renders[pos]" time="0.050" /><testcase classname="tests.backend_test.TestPages" name="test_page_renders[transactions]" time="0.050" /><testcase classname="tests.test_edge_cases.TestEdgeCases" name="test_pos_invalid_customer" time="0.359" /><testcase classname="tests.backend_test.TestPages" name="test_page_renders[warranty]" time="0.048" /><testcase classname="tests.backend_test.TestPages" name="test_page_renders[users]" time="0.093" /><testcase classname="tests.backend_test.TestPages" name="test_dashboard_stat_cards" time="0.051" /><testcase classname="tests.backend_test.TestPages" name="test_unknown_page_falls_back" time="0.051" /><testcase classname="tests.backend_test.TestAuth" name="test_login_page_loads" time="0.126" /><testcase classname="tests.test_edge_cases.TestEdgeCases" name="test_receipt_invalid_id" time="0.261" /><testcase classname="tests.backend_test.TestAuth" name="test_login_invalid" time="0.167" /><testcase classname="tests.backend_test.TestAuth" name="test_login_valid_redirects" time="0.289" /><testcase classname="tests.test_edge_cases.TestEdgeCases" name="test_warranty_print_invalid_id" time="0.365" /><testcase classname="tests.backend_test.TestAuth" name="test_protected_page_requires_login" time="0.101" /><testcase classname="tests.backend_test.TestAuth" name="test_ajax_requires_login" time="0.235" /><testcase classname="tests.test_edge_cases.TestEdgeCases" name="test_warranty_claim_invalid_item" time="0.380" /><testcase classname="tests.backend_test.TestAuth" name="test_logout" time="0.326" /><testcase classname="tests.test_edge_cases.TestEdgeCases" name="test_lookup_unknown_action" time="0.259" /><testcase classname="tests.test_edge_cases.TestEdgeCases" name="test_import_malformed_json" time="0.257" /><testcase classname="tests.test_iter2_features.TestExport" name="test_transactions_xls" time="0.256" /><testcase classname="tests.test_iter2_features.TestExport" name="test_transactions_doc" time="0.052" /><testcase classname="tests.test_iter2_features.TestExport" name="test_transactions_pdf_printview" time="0.049" /><testcase classname="tests.test_iter2_features.TestExport" name="test_parts_exports" time="0.205" /><testcase classname="tests.test_iter2_features.TestExport" name="test_export_respects_filter" time="0.054" /><testcase classname="tests.test_iter2_features.TestExport" name="test_export_requires_login" time="0.101" /><testcase classname="tests.backend_test.TestWarranty" name="test_search_trx_ajax" time="0.646" /><testcase classname="tests.test_iter2_features.TestReports" name="test_daily_report" time="0.053" /><testcase classname="tests.test_iter2_features.TestReports" name="test_monthly_report_totals" time="0.058" /><testcase classname="tests.test_iter2_features.TestReports" name="test_yearly_and_custom_report" time="0.104" /><testcase classname="tests.test_iter2_features.TestReports" name="test_filter_inputs_present" time="0.052" /><testcase classname="tests.test_iter2_features.TestReports" name="test_weekly_report" time="0.051" /><testcase classname="tests.backend_test.TestWarranty" name="test_claim_flow_approve_reduces_replacement_stock" time="0.544" /><testcase classname="tests.backend_test.TestMasterData" name="test_customer_and_vehicle_persisted" time="0.391" /><testcase classname="tests.backend_test.TestMasterData" name="test_customer_update" time="0.102" /><testcase classname="tests.backend_test.TestMasterData" name="test_create_part" time="0.155" /><testcase classname="tests.backend_test.TestWarranty" name="test_claim_requires_reason" time="0.264" /><testcase classname="tests.backend_test.TestMasterData" name="test_create_supplier" time="0.147" /><testcase classname="tests.backend_test.TestWarranty" name="test_claim_approve_without_stock_fails_gracefully" time="0.463" /><testcase classname="tests.backend_test.TestImportParts" name="test_import_rows" time="0.102" /><testcase classname="tests.backend_test.TestImportParts" name="test_import_upsert_updates_existing" time="0.104" /><testcase classname="tests.backend_test.TestImportParts" name="test_import_empty_payload" time="0.056" /><testcase classname="tests.backend_test.TestPOS" name="test_create_transaction_reduces_stock" time="0.268" /><testcase classname="tests.backend_test.TestWarranty" name="test_warranty_filter_status" time="0.046" /><testcase classname="tests.backend_test.TestPOS" name="test_transaction_without_items_rejected" time="0.107" /><testcase classname="tests.backend_test.TestStock" name="test_stock_in_increases" time="0.311" /><testcase classname="tests.backend_test.TestPOS" name="test_transaction_insufficient_stock_rejected" time="0.211" /><testcase classname="tests.backend_test.TestStock" name="test_stock_out_decreases" time="0.223" /><testcase classname="tests.backend_test.TestUsers" name="test_create_kasir_and_role_menu" time="0.563" /><testcase classname="tests.backend_test.TestStock" name="test_stock_out_insufficient_rejected" time="0.240" /><testcase classname="tests.test_iter2_features.TestCategories" name="test_page_loads_and_nav" time="0.199" /><testcase classname="tests.backend_test.TestUsers" name="test_duplicate_username_rejected" time="0.362" /><testcase classname="tests.test_iter2_features.TestCategories" name="test_create_edit_duplicate_delete" time="0.534" /><testcase classname="tests.backend_test.TestUsers" name="test_new_user_requires_password" time="0.106" /><testcase classname="tests.test_iter2_features.TestPartsCategoryDropdown" name="test_dropdown_contains_master_categories" time="0.065" /><testcase classname="tests.test_iter2_features.TestPartsCategoryDropdown" name="test_edit_part_preselects_category" time="0.171" /><testcase classname="tests.test_iter2_features.TestCategories" name="test_part_count_column" time="0.229" /><testcase classname="tests.test_iter2_features.TestPartsCategoryDropdown" name="test_import_auto_registers_category" time="0.108" /><testcase classname="tests.test_iter2_features.TestRegression" name="test_dashboard_and_pos_pages" time="0.249" /><testcase classname="tests.test_iter2_features.TestRegression" name="test_create_transaction" time="0.226" /></testsuite></testsuites>