<?xml version="1.0" encoding="utf-8"?><testsuites name="pytest tests"><testsuite name="pytest" errors="0" failures="0" skipped="0" tests="102" time="15.088" timestamp="2026-08-29T05:48:57.886423+00:00" hostname="agent-env-ddcceba6-ca05-4917-8452-337a2b89b29d"><testcase classname="tests.backend_test.TestAuth" name="test_login_page_loads" time="0.241" /><testcase classname="tests.backend_test.TestAuth" name="test_login_invalid" time="0.240" /><testcase classname="tests.backend_test.TestAuth" name="test_login_valid_redirects" time="0.310" /><testcase classname="tests.backend_test.TestAuth" name="test_protected_page_requires_login" time="0.099" /><testcase classname="tests.backend_test.TestAuth" name="test_ajax_requires_login" time="0.103" /><testcase classname="tests.backend_test.TestAuth" name="test_logout" time="0.300" /><testcase classname="tests.backend_test.TestPages" name="test_page_renders[dashboard]" time="0.252" /><testcase classname="tests.backend_test.TestPages" name="test_page_renders[customers]" time="0.044" /><testcase classname="tests.backend_test.TestPages" name="test_page_renders[suppliers]" time="0.043" /><testcase classname="tests.backend_test.TestPages" name="test_page_renders[parts]" time="0.054" /><testcase classname="tests.backend_test.TestPages" name="test_page_renders[stock]" time="0.042" /><testcase classname="tests.backend_test.TestPages" name="test_page_renders[pos]" time="0.041" /><testcase classname="tests.backend_test.TestPages" name="test_page_renders[transactions]" time="0.041" /><testcase classname="tests.backend_test.TestPages" name="test_page_renders[warranty]" time="0.041" /><testcase classname="tests.backend_test.TestPages" name="test_page_renders[users]" time="0.039" /><testcase classname="tests.backend_test.TestPages" name="test_dashboard_stat_cards" time="0.042" /><testcase classname="tests.backend_test.TestPages" name="test_unknown_page_falls_back" time="0.039" /><testcase classname="tests.backend_test.TestMasterData" name="test_customer_and_vehicle_persisted" time="0.322" /><testcase classname="tests.backend_test.TestMasterData" name="test_customer_update" time="0.093" /><testcase classname="tests.backend_test.TestMasterData" name="test_create_part" time="0.132" /><testcase classname="tests.backend_test.TestMasterData" name="test_create_supplier" time="0.128" /><testcase classname="tests.backend_test.TestImportParts" name="test_import_rows" time="0.099" /><testcase classname="tests.backend_test.TestImportParts" name="test_import_upsert_updates_existing" time="0.098" /><testcase classname="tests.backend_test.TestImportParts" name="test_import_empty_payload" time="0.040" /><testcase classname="tests.backend_test.TestStock" name="test_stock_in_increases" time="0.176" /><testcase classname="tests.backend_test.TestStock" name="test_stock_out_decreases" time="0.170" /><testcase classname="tests.backend_test.TestStock" name="test_stock_out_insufficient_rejected" time="0.175" /><testcase classname="tests.backend_test.TestPOS" name="test_create_transaction_reduces_stock" time="0.212" /><testcase classname="tests.backend_test.TestPOS" name="test_transaction_without_items_rejected" time="0.088" /><testcase classname="tests.backend_test.TestPOS" name="test_transaction_insufficient_stock_rejected" time="0.178" /><testcase classname="tests.backend_test.TestWarranty" name="test_search_trx_ajax" time="0.256" /><testcase classname="tests.backend_test.TestWarranty" name="test_claim_flow_approve_reduces_replacement_stock" time="0.478" /><testcase classname="tests.backend_test.TestWarranty" name="test_claim_requires_reason" time="0.222" /><testcase classname="tests.backend_test.TestWarranty" name="test_claim_approve_without_stock_fails_gracefully" time="0.401" /><testcase classname="tests.backend_test.TestWarranty" name="test_warranty_filter_status" time="0.041" /><testcase classname="tests.backend_test.TestUsers" name="test_create_kasir_and_role_menu" time="0.495" /><testcase classname="tests.backend_test.TestUsers" name="test_duplicate_username_rejected" time="0.295" /><testcase classname="tests.backend_test.TestUsers" name="test_new_user_requires_password" time="0.079" /><testcase classname="tests.test_edge_cases.TestEdgeCases" name="test_stock_in_invalid_part" time="0.313" /><testcase classname="tests.test_edge_cases.TestEdgeCases" name="test_stock_out_invalid_part" time="0.369" /><testcase classname="tests.test_edge_cases.TestEdgeCases" name="test_pos_invalid_customer" time="0.300" /><testcase classname="tests.test_edge_cases.TestEdgeCases" name="test_receipt_invalid_id" time="0.240" /><testcase classname="tests.test_edge_cases.TestEdgeCases" name="test_warranty_print_invalid_id" time="0.237" /><testcase classname="tests.test_edge_cases.TestEdgeCases" name="test_warranty_claim_invalid_item" time="0.333" /><testcase classname="tests.test_edge_cases.TestEdgeCases" name="test_lookup_unknown_action" time="0.267" /><testcase classname="tests.test_edge_cases.TestEdgeCases" name="test_import_malformed_json" time="0.246" /><testcase classname="tests.test_iter2_features.TestCategories" name="test_page_loads_and_nav" time="0.210" /><testcase classname="tests.test_iter2_features.TestCategories" name="test_create_edit_duplicate_delete" time="0.456" /><testcase classname="tests.test_iter2_features.TestCategories" name="test_part_count_column" time="0.241" /><testcase classname="tests.test_iter2_features.TestPartsCategoryDropdown" name="test_dropdown_contains_master_categories" time="0.047" /><testcase classname="tests.test_iter2_features.TestPartsCategoryDropdown" name="test_edit_part_preselects_category" time="0.138" /><testcase classname="tests.test_iter2_features.TestPartsCategoryDropdown" name="test_import_auto_registers_category" time="0.094" /><testcase classname="tests.test_iter2_features.TestReports" name="test_daily_report" time="0.045" /><testcase classname="tests.test_iter2_features.TestReports" name="test_monthly_report_totals" time="0.046" /><testcase classname="tests.test_iter2_features.TestReports" name="test_yearly_and_custom_report" time="0.086" /><testcase classname="tests.test_iter2_features.TestReports" name="test_filter_inputs_present" time="0.044" /><testcase classname="tests.test_iter2_features.TestReports" name="test_weekly_report" time="0.046" /><testcase classname="tests.test_iter2_features.TestExport" name="test_transactions_xls" time="0.050" /><testcase classname="tests.test_iter2_features.TestExport" name="test_transactions_doc" time="0.043" /><testcase classname="tests.test_iter2_features.TestExport" name="test_transactions_pdf_printview" time="0.043" /><testcase classname="tests.test_iter2_features.TestExport" name="test_parts_exports" time="0.130" /><testcase classname="tests.test_iter2_features.TestExport" name="test_export_respects_filter" time="0.043" /><testcase classname="tests.test_iter2_features.TestExport" name="test_export_requires_login" time="0.095" /><testcase classname="tests.test_iter2_features.TestRegression" name="test_dashboard_and_pos_pages" time="0.217" /><testcase classname="tests.test_iter2_features.TestRegression" name="test_create_transaction" time="0.218" /><testcase classname="tests.test_iter3_settings_time.TestWaktuCetakan" name="test_receipt_tanggal_is_utc_plus_7" time="0.270" /><testcase classname="tests.test_iter3_settings_time.TestWaktuCetakan" name="test_receipt_has_waktu_cetak_realtime_script" time="0.048" /><testcase classname="tests.test_iter3_settings_time.TestWaktuCetakan" name="test_warranty_print_tanggal_wib" time="0.050" /><testcase classname="tests.test_iter3_settings_time.TestWaktuCetakan" name="test_export_transactions_uses_lokal_and_shop_name[pdf]" time="0.048" /><testcase classname="tests.test_iter3_settings_time.TestWaktuCetakan" name="test_export_transactions_uses_lokal_and_shop_name[xls]" time="0.046" /><testcase classname="tests.test_iter3_settings_time.TestPengaturan" name="test_admin_can_open_settings" time="0.045" /><testcase classname="tests.test_iter3_settings_time.TestPengaturan" name="test_save_settings_persists_and_propagates" time="0.303" /><testcase classname="tests.test_iter3_settings_time.TestPengaturan" name="test_theme_hue_clamped" time="0.066" /><testcase classname="tests.test_iter3_settings_time.TestPengaturan" name="test_kasir_cannot_access_settings" time="0.459" /><testcase classname="tests.test_iter3_settings_time.TestPengaturan" name="test_restore_settings" time="0.072" /><testcase classname="tests.test_iter3_settings_time.TestRegresi" name="test_dashboard_and_key_pages" time="0.421" /><testcase classname="tests.test_iter3_settings_time.TestRegresi" name="test_create_transaction_and_receipt_time" time="0.097" /><testcase classname="tests.test_iter4_features.TestStockExport" name="test_xls_rows_match_sqlite[semua]" time="0.220" /><testcase classname="tests.test_iter4_features.TestStockExport" name="test_xls_rows_match_sqlite[masuk]" time="0.045" /><testcase classname="tests.test_iter4_features.TestStockExport" name="test_xls_rows_match_sqlite[keluar]" time="0.052" /><testcase classname="tests.test_iter4_features.TestStockExport" name="test_xls_rows_match_sqlite[penjualan]" time="0.056" /><testcase classname="tests.test_iter4_features.TestStockExport" name="test_xls_rows_match_sqlite[garansi]" time="0.046" /><testcase classname="tests.test_iter4_features.TestStockExport" name="test_doc_format" time="0.046" /><testcase classname="tests.test_iter4_features.TestStockExport" name="test_pdf_print_view" time="0.043" /><testcase classname="tests.test_iter4_features.TestStockExport" name="test_reversed_date_range_swapped" time="0.046" /><testcase classname="tests.test_iter4_features.TestStockExport" name="test_narrow_range_filters" time="0.043" /><testcase classname="tests.test_iter4_features.TestStockExport" name="test_invalid_jenis_falls_back" time="0.046" /><testcase classname="tests.test_iter4_features.TestStockExport" name="test_export_requires_login" time="0.108" /><testcase classname="tests.test_iter4_features.TestDiskonPOS" name="test_diskon_persen" time="0.099" /><testcase classname="tests.test_iter4_features.TestDiskonPOS" name="test_diskon_nominal" time="0.095" /><testcase classname="tests.test_iter4_features.TestDiskonPOS" name="test_diskon_nominal_capped_at_subtotal" time="0.048" /><testcase classname="tests.test_iter4_features.TestDiskonPOS" name="test_diskon_persen_over_100_capped" time="0.049" /><testcase classname="tests.test_iter4_features.TestDiskonPOS" name="test_diskon_negatif_diabaikan" time="0.047" /><testcase classname="tests.test_iter4_features.TestDiskonPOS" name="test_tanpa_diskon" time="0.091" /><testcase classname="tests.test_iter4_features.TestDiskonPOS" name="test_dashboard_pendapatan_pakai_net" time="0.044" /><testcase classname="tests.test_iter4_features.TestEditHapusTransaksi" name="test_edit_prefill_form" time="0.095" /><testcase classname="tests.test_iter4_features.TestEditHapusTransaksi" name="test_edit_updates_stock_and_totals" time="0.097" /><testcase classname="tests.test_iter4_features.TestEditHapusTransaksi" name="test_edit_over_stock_rejected" time="0.135" /><testcase classname="tests.test_iter4_features.TestEditHapusTransaksi" name="test_delete_restores_stock" time="0.146" /><testcase classname="tests.test_iter4_features.TestEditHapusTransaksi" name="test_delete_and_edit_blocked_when_warranty_claim" time="0.242" /><testcase classname="tests.test_iter4_features.TestEditHapusTransaksi" name="test_edit_nonexistent_transaction" time="0.043" /><testcase classname="tests.test_iter4_features.TestEditHapusTransaksi" name="test_transactions_list_has_action_buttons" time="0.204" /></testsuite></testsuites>